SF:lib\main.dart
DA:8,0
DA:9,0
DA:12,0
DA:14,0
DA:16,0
DA:20,2
DA:22,1
DA:24,1
DA:25,1
DA:26,1
DA:28,1
DA:29,1
DA:30,2
LF:13
LH:8
end_of_record
SF:lib\src\cart\bloc\cart_bloc.dart
DA:15,12
DA:16,2
DA:17,2
DA:18,2
DA:19,2
DA:20,2
DA:21,2
DA:22,2
DA:23,2
DA:24,2
DA:25,2
DA:28,1
DA:31,6
DA:32,2
DA:34,1
DA:37,1
DA:38,3
DA:39,3
DA:40,1
DA:44,0
DA:47,0
DA:48,0
DA:49,0
DA:51,0
DA:53,0
DA:57,1
DA:59,1
DA:60,3
DA:62,1
DA:65,1
DA:66,1
DA:67,1
DA:70,2
DA:71,2
DA:75,3
DA:76,7
DA:78,2
DA:80,7
DA:83,4
DA:86,3
DA:87,5
DA:90,1
DA:91,1
DA:92,1
DA:94,3
DA:95,6
DA:97,3
DA:98,5
DA:101,1
DA:102,2
DA:103,3
DA:107,1
DA:108,1
DA:110,3
DA:111,6
DA:113,2
DA:114,2
DA:118,4
DA:119,3
DA:120,5
DA:123,1
DA:124,1
DA:125,1
DA:128,4
DA:129,2
DA:133,3
DA:134,6
DA:136,2
DA:137,2
DA:141,4
DA:142,3
DA:143,5
DA:146,1
DA:147,1
DA:148,1
DA:150,3
DA:151,6
DA:153,2
DA:154,0
DA:158,3
DA:159,3
DA:160,5
DA:163,1
DA:164,1
DA:165,1
DA:168,4
DA:169,0
DA:173,3
DA:174,3
DA:175,3
DA:178,1
DA:179,1
DA:180,1
DA:182,2
DA:183,3
DA:184,3
DA:187,1
DA:188,6
DA:191,1
DA:192,1
DA:193,1
DA:195,3
DA:196,2
DA:201,3
DA:202,2
DA:204,0
DA:213,1
DA:215,4
DA:218,1
DA:221,1
DA:222,1
DA:225,1
DA:229,7
DA:230,1
DA:231,1
DA:233,1
DA:234,1
DA:235,1
DA:236,1
DA:237,1
DA:243,1
DA:244,2
LF:122
LH:113
end_of_record
SF:lib\src\cart\bloc\cart_event.dart
DA:10,1
DA:17,1
DA:25,1
DA:33,1
DA:40,1
DA:46,1
DA:55,1
LF:7
LH:7
end_of_record
SF:lib\src\cart\bloc\cart_state.dart
DA:9,0
DA:10,0
DA:16,2
DA:18,1
DA:19,3
DA:21,3
DA:27,1
DA:29,1
DA:30,2
DA:35,1
DA:37,1
DA:38,2
LF:12
LH:10
end_of_record
SF:lib\src\cart\entities\cart.dart
DA:9,2
DA:15,1
DA:16,1
DA:17,1
DA:18,1
DA:19,1
DA:23,0
DA:24,0
DA:25,0
DA:26,0
DA:27,0
DA:31,1
DA:32,9
DA:35,1
DA:37,6
LF:15
LH:10
end_of_record
SF:lib\src\cart\entities\cart_item.dart
DA:8,1
DA:14,1
DA:15,4
DA:19,1
DA:20,4
DA:21,2
DA:22,1
DA:26,0
DA:29,0
DA:32,0
DA:35,5
DA:37,0
DA:38,0
DA:39,0
DA:40,0
DA:41,0
DA:45,1
DA:46,5
DA:49,0
DA:52,0
DA:53,0
DA:54,0
DA:55,0
DA:56,0
DA:58,0
DA:59,0
DA:61,1
DA:63,4
DA:64,6
LF:29
LH:13
end_of_record
SF:lib\src\cart\entities\cart_totals.dart
DA:9,2
DA:12,0
DA:15,0
DA:17,0
DA:18,0
DA:19,0
DA:20,0
DA:21,0
DA:22,0
DA:26,1
DA:27,5
DA:30,1
DA:32,9
DA:35,0
DA:36,0
LF:15
LH:5
end_of_record
SF:lib\src\cart\entities\receipt.dart
DA:9,1
DA:11,1
DA:13,1
DA:15,2
DA:16,4
DA:17,2
DA:18,4
DA:19,2
DA:21,2
DA:22,4
DA:25,2
DA:26,0
DA:27,0
DA:29,6
DA:33,2
DA:34,5
DA:35,5
DA:37,3
DA:38,0
DA:41,2
DA:42,5
DA:43,2
DA:45,1
DA:54,1
DA:56,1
DA:57,11
DA:58,8
DA:71,1
DA:81,0
DA:84,0
DA:94,1
DA:99,1
DA:101,2
DA:102,0
DA:106,5
DA:109,1
DA:113,1
DA:114,1
DA:115,2
DA:116,2
DA:117,2
DA:118,1
DA:119,2
DA:120,1
DA:121,1
DA:124,1
DA:127,1
DA:128,2
DA:129,2
DA:130,2
DA:131,2
DA:134,1
LF:52
LH:46
end_of_record
SF:lib\src\catalog\entities\item.dart
DA:11,1
DA:13,0
DA:14,0
DA:16,5
DA:18,0
DA:19,0
LF:6
LH:2
end_of_record
SF:lib\app\constants\app_constants.dart
DA:33,2
LF:1
LH:1
end_of_record
SF:lib\app\extensions\num_extension.dart
DA:4,0
LF:1
LH:0
end_of_record
SF:lib\app\utils\app_router.dart
DA:6,2
DA:10,3
DA:12,1
DA:13,1
DA:14,1
DA:17,0
LF:6
LH:5
end_of_record
SF:lib\src\catalog\pages\catalog_page.dart
DA:8,1
DA:10,0
DA:12,0
DA:13,0
DA:15,0
DA:16,0
DA:17,0
DA:18,0
LF:8
LH:1
end_of_record
SF:lib\src\intro\pages\splash_page.dart
DA:6,1
DA:8,0
DA:9,0
DA:13,0
DA:15,0
DA:16,0
DA:19,0
DA:20,0
DA:21,0
DA:22,0
DA:26,0
DA:28,0
DA:29,0
LF:13
LH:1
end_of_record
SF:lib\app\utils\screen_size_helpers.dart
DA:24,0
DA:27,0
DA:30,0
DA:33,0
DA:36,0
DA:39,0
DA:42,0
DA:45,0
DA:48,0
DA:51,0
DA:54,0
DA:57,0
DA:60,0
DA:61,0
DA:65,0
DA:66,0
DA:70,0
DA:71,0
DA:75,0
DA:76,0
DA:78,0
DA:86,0
DA:87,0
DA:96,0
DA:97,0
DA:106,0
DA:107,0
DA:111,0
DA:112,0
DA:116,0
DA:117,0
DA:119,0
DA:120,0
DA:121,0
DA:126,0
DA:127,0
DA:131,0
DA:132,0
DA:133,0
DA:134,0
DA:135,0
DA:140,0
DA:141,0
DA:145,0
DA:146,0
DA:150,0
DA:151,0
DA:155,0
DA:156,0
DA:163,0
DA:166,0
DA:169,0
DA:172,0
DA:175,0
DA:178,0
DA:181,0
DA:184,0
DA:187,0
DA:190,0
DA:193,0
DA:196,0
DA:199,0
DA:202,0
DA:205,0
DA:208,0
DA:211,0
DA:214,0
DA:217,0
DA:220,0
DA:230,0
DA:232,0
DA:234,0
DA:235,0
DA:238,0
DA:248,0
DA:250,0
DA:252,0
LF:77
LH:0
end_of_record
SF:lib\app\widgets\app_providers.dart
DA:10,1
DA:12,1
DA:14,1
DA:15,1
DA:16,3
DA:17,1
DA:19,1
LF:7
LH:7
end_of_record
SF:lib\src\catalog\bloc\catalog_bloc.dart
DA:11,0
DA:12,0
DA:15,0
DA:16,0
DA:18,0
DA:19,0
DA:20,0
DA:21,0
DA:23,0
LF:9
LH:0
end_of_record
SF:lib\app\widgets\cart_listener_wrapper.dart
DA:10,1
DA:12,1
DA:13,1
DA:19,1
DA:21,1
DA:22,0
DA:23,0
DA:25,0
DA:26,0
DA:27,0
DA:29,0
DA:30,0
DA:31,0
DA:35,2
LF:14
LH:6
end_of_record
SF:lib\shared\widgets\undo_snackbar.dart
DA:8,0
DA:9,0
DA:12,0
DA:17,0
DA:18,0
DA:19,0
DA:20,0
DA:22,0
DA:24,0
DA:26,0
DA:29,0
DA:30,0
DA:32,0
DA:33,0
DA:37,0
DA:43,0
LF:16
LH:0
end_of_record
SF:lib\shared\widgets\cart_bottom_bar.dart
DA:8,0
DA:10,0
DA:12,0
DA:13,0
DA:15,0
DA:18,0
DA:20,0
DA:21,0
DA:22,0
DA:23,0
DA:24,0
DA:26,0
DA:27,0
DA:28,0
DA:30,0
DA:31,0
DA:32,0
DA:34,0
DA:35,0
DA:38,0
DA:39,0
DA:40,0
DA:41,0
DA:43,0
DA:44,0
DA:45,0
DA:46,0
DA:53,0
DA:54,0
DA:55,0
LF:30
LH:0
end_of_record
SF:lib\shared\widgets\keyboard_dismiss_wrapper.dart
DA:7,1
DA:9,1
DA:11,1
DA:12,0
DA:14,0
DA:15,0
DA:17,1
LF:7
LH:4
end_of_record
SF:lib\shared\widgets\shopping_cart_widget.dart
DA:16,0
DA:29,0
DA:31,0
DA:32,0
DA:35,0
DA:36,0
DA:38,0
DA:39,0
DA:41,0
DA:42,0
DA:43,0
DA:44,0
DA:49,0
DA:54,0
DA:55,0
DA:56,0
DA:58,0
DA:63,0
DA:69,0
DA:70,0
DA:73,0
DA:74,0
DA:76,0
DA:77,0
DA:79,0
DA:82,0
DA:87,0
DA:88,0
DA:90,0
DA:91,0
DA:93,0
DA:95,0
DA:96,0
DA:98,0
DA:99,0
DA:100,0
DA:102,0
DA:103,0
DA:104,0
DA:106,0
DA:108,0
DA:114,0
DA:115,0
DA:124,0
DA:131,0
DA:132,0
DA:134,0
DA:135,0
DA:137,0
DA:142,0
DA:143,0
DA:145,0
DA:146,0
DA:148,0
DA:150,0
DA:151,0
DA:153,0
DA:154,0
DA:155,0
DA:156,0
DA:157,0
DA:158,0
DA:160,0
DA:161,0
DA:162,0
DA:163,0
DA:164,0
DA:165,0
DA:168,0
DA:169,0
DA:170,0
DA:177,0
DA:178,0
DA:179,0
DA:180,0
DA:181,0
DA:183,0
DA:184,0
DA:188,0
DA:200,0
DA:201,0
DA:203,0
DA:204,0
DA:206,0
DA:209,0
DA:212,0
DA:213,0
DA:214,0
DA:229,0
DA:230,0
DA:233,0
DA:234,0
DA:235,0
DA:237,0
DA:241,0
DA:242,0
DA:245,0
DA:246,0
DA:249,0
DA:250,0
DA:251,0
DA:252,0
DA:253,0
DA:254,0
DA:256,0
LF:105
LH:0
end_of_record
SF:lib\src\cart\pages\cart_page.dart
DA:14,0
DA:16,0
DA:18,0
DA:19,0
DA:20,0
DA:21,0
DA:22,0
DA:23,0
DA:24,0
DA:28,0
DA:29,0
DA:30,0
DA:31,0
LF:13
LH:0
end_of_record
SF:lib\src\cart\widgets\cart_app_bar.dart
DA:11,0
DA:13,0
DA:15,0
DA:16,0
DA:18,0
DA:19,0
DA:20,0
DA:26,0
DA:30,0
LF:9
LH:0
end_of_record
SF:lib\src\cart\widgets\cart_content.dart
DA:10,0
DA:12,0
DA:14,0
LF:3
LH:0
end_of_record
SF:lib\src\cart\widgets\cart_discount_section.dart
DA:11,0
DA:13,0
DA:14,0
DA:20,0
DA:22,0
DA:23,0
DA:26,0
DA:28,0
DA:30,0
DA:31,0
DA:33,0
DA:36,0
DA:37,0
DA:38,0
DA:39,0
DA:40,0
DA:42,0
DA:44,0
DA:51,0
DA:52,0
DA:53,0
DA:54,0
DA:55,0
DA:56,0
DA:57,0
DA:58,0
DA:60,0
DA:64,0
DA:69,0
DA:71,0
DA:72,0
DA:73,0
DA:75,0
DA:77,0
DA:78,0
DA:79,0
DA:80,0
LF:37
LH:0
end_of_record
SF:lib\src\cart\widgets\cart_items_list.dart
DA:9,0
DA:11,0
DA:13,0
DA:14,0
DA:16,0
DA:17,0
DA:18,0
DA:19,0
LF:8
LH:0
end_of_record
SF:lib\src\cart\widgets\cart_summary_section.dart
DA:12,0
DA:14,0
DA:16,0
DA:18,0
DA:19,0
DA:22,0
DA:23,0
DA:24,0
DA:26,0
DA:28,0
DA:31,0
DA:33,0
DA:35,0
DA:37,0
DA:41,0
DA:42,0
DA:44,0
DA:46,0
DA:47,0
DA:49,0
DA:51,0
DA:52,0
DA:54,0
DA:55,0
DA:56,0
LF:25
LH:0
end_of_record
SF:lib\src\cart\widgets\cart_empty_widget.dart
DA:5,1
DA:7,0
LF:2
LH:1
end_of_record
SF:lib\src\cart\widgets\cart_error_widget.dart
DA:7,0
DA:9,0
DA:11,0
DA:12,0
DA:14,0
DA:15,0
DA:17,0
LF:7
LH:0
end_of_record
SF:lib\src\cart\widgets\cart_item_card.dart
DA:12,0
DA:14,0
DA:16,0
DA:18,0
DA:19,0
DA:22,0
DA:25,0
DA:26,0
DA:27,0
DA:29,0
DA:30,0
DA:32,0
DA:33,0
DA:34,0
DA:36,0
DA:40,0
DA:41,0
DA:43,0
DA:44,0
DA:48,0
LF:20
LH:0
end_of_record
SF:lib\src\cart\widgets\cart_loading_widget.dart
DA:4,1
DA:6,0
LF:2
LH:1
end_of_record
SF:lib\src\catalog\bloc\catalog_state.dart
DA:11,0
DA:16,0
LF:2
LH:0
end_of_record
SF:lib\src\catalog\widgets\catalog_content.dart
DA:16,0
DA:18,0
DA:19,0
DA:25,0
DA:27,0
DA:28,0
DA:29,0
DA:30,0
DA:31,0
DA:32,0
DA:36,0
DA:37,0
DA:38,0
DA:40,0
DA:41,0
DA:42,0
DA:43,0
LF:17
LH:0
end_of_record
SF:lib\src\catalog\widgets\catalog_grid.dart
DA:9,0
DA:11,0
DA:13,0
DA:21,0
DA:22,0
DA:23,0
DA:24,0
LF:7
LH:0
end_of_record
SF:lib\src\catalog\widgets\catalog_empty_widget.dart
DA:5,1
DA:7,0
DA:9,0
DA:10,0
DA:12,0
DA:13,0
LF:6
LH:1
end_of_record
SF:lib\src\catalog\widgets\catalog_error_widget.dart
DA:10,0
DA:12,0
DA:14,0
DA:15,0
DA:17,0
DA:18,0
DA:20,0
DA:22,0
LF:8
LH:0
end_of_record
SF:lib\src\catalog\widgets\product_card.dart
DA:11,0
DA:13,0
DA:15,0
DA:17,0
DA:19,0
DA:20,0
DA:22,0
DA:24,0
DA:25,0
DA:28,0
DA:31,0
DA:33,0
DA:35,0
DA:38,0
DA:39,0
DA:40,0
DA:42,0
DA:43,0
DA:44,0
LF:19
LH:0
end_of_record
SF:lib\src\catalog\widgets\catalog_loading_widget.dart
DA:5,1
DA:7,0
LF:2
LH:1
end_of_record
